# JRE version: Java(TM) SE Runtime Environment (24.0.2+12) (build 24.0.2+12-54)
# Java VM: Java HotSpot(TM) 64-Bit Server VM (24.0.2+12-54, mixed mode, sharing, tiered, compressed oops, compressed class ptrs, g1 gc, windows-amd64)
GC Precious Log:
 CardTable entry size: 512
 Card Set container configuration: InlinePtr #cards 5 size 8 Array Of Cards #cards 10 size 36 Howl #buckets 4 coarsen threshold 1843 Howl Bitmap #cards 512 size 80 coarsen threshold 460 Card regions per heap region 1 cards per card region 2048
 CPUs: 12 total, 12 available
 Memory: 15733M
 Large Page Support: Disabled
 NUMA Support: Disabled
 Compressed Oops: Enabled (32-bit)
 Heap Region Size: 1M
 Heap Min Capacity: 256M
 Heap Initial Capacity: 256M
 Heap Max Capacity: 512M
 Pre-touch: Disabled
 Parallel Workers: 10
 Concurrent Workers: 3
 Concurrent Refinement Workers: 10
 Periodic GC: Disabled
Heap:
 garbage-first heap   total reserved 524288K, committed 289792K, used 226529K [0x00000000e0000000, 0x0000000100000000)
  region size 1024K, 118 young (120832K), 16 survivors (16384K)
 Metaspace       used 85449K, committed 89536K, reserved 458752K
  class space    used 8962K, committed 10688K, reserved 327680K
GC Heap History (20 events):
Event: 4998.908 GC heap before
{Heap before GC invocations=138 (full 0):
 garbage-first heap   total reserved 524288K, committed 286720K, used 258261K [0x00000000e0000000, 0x0000000100000000)
  region size 1024K, 101 young (103424K), 5 survivors (5120K)
 Metaspace       used 87447K, committed 90688K, reserved 458752K
  class space    used 9190K, committed 10688K, reserved 327680K
}
Event: 4998.919 GC heap after
{Heap after GC invocations=139 (full 0):
 garbage-first heap   total reserved 524288K, committed 289792K, used 156526K [0x00000000e0000000, 0x0000000100000000)
  region size 1024K, 13 young (13312K), 13 survivors (13312K)
 Metaspace       used 87447K, committed 90688K, reserved 458752K
  class space    used 9190K, committed 10688K, reserved 327680K
}
Event: 5021.392 GC heap before
{Heap before GC invocations=139 (full 0):
 garbage-first heap   total reserved 524288K, committed 289792K, used 248686K [0x00000000e0000000, 0x0000000100000000)
  region size 1024K, 104 young (106496K), 13 survivors (13312K)
 Metaspace       used 88113K, committed 90688K, reserved 458752K
  class space    used 9243K, committed 10688K, reserved 327680K
}
Event: 5021.408 GC heap after
{Heap after GC invocations=140 (full 0):
 garbage-first heap   total reserved 524288K, committed 289792K, used 151194K [0x00000000e0000000, 0x0000000100000000)
  region size 1024K, 9 young (9216K), 9 survivors (9216K)
 Metaspace       used 88113K, committed 90688K, reserved 458752K
  class space    used 9243K, committed 10688K, reserved 327680K
}
Event: 5021.772 GC heap before
{Heap before GC invocations=140 (full 0):
 garbage-first heap   total reserved 524288K, committed 289792K, used 249498K [0x00000000e0000000, 0x0000000100000000)
  region size 1024K, 106 young (108544K), 9 survivors (9216K)
 Metaspace       used 88113K, committed 90688K, reserved 458752K
  class space    used 9243K, committed 10688K, reserved 327680K
}
Event: 5021.780 GC heap after
{Heap after GC invocations=141 (full 0):
 garbage-first heap   total reserved 524288K, committed 289792K, used 162976K [0x00000000e0000000, 0x0000000100000000)
  region size 1024K, 12 young (12288K), 12 survivors (12288K)
 Metaspace       used 88113K, committed 90688K, reserved 458752K
  class space    used 9243K, committed 10688K, reserved 327680K
}
Event: 5073.916 GC heap before
{Heap before GC invocations=142 (full 0):
 garbage-first heap   total reserved 524288K, committed 289792K, used 251040K [0x00000000e0000000, 0x0000000100000000)
  region size 1024K, 102 young (104448K), 12 survivors (12288K)
 Metaspace       used 86449K, committed 89472K, reserved 458752K
  class space    used 9073K, committed 10688K, reserved 327680K
}
Event: 5073.922 GC heap after
{Heap after GC invocations=143 (full 0):
 garbage-first heap   total reserved 524288K, committed 289792K, used 157261K [0x00000000e0000000, 0x0000000100000000)
  region size 1024K, 7 young (7168K), 7 survivors (7168K)
 Metaspace       used 86449K, committed 89472K, reserved 458752K
  class space    used 9073K, committed 10688K, reserved 327680K
}
Event: 5074.288 GC heap before
{Heap before GC invocations=143 (full 0):
 garbage-first heap   total reserved 524288K, committed 289792K, used 257613K [0x00000000e0000000, 0x0000000100000000)
  region size 1024K, 105 young (107520K), 7 survivors (7168K)
 Metaspace       used 86449K, committed 89472K, reserved 458752K
  class space    used 9073K, committed 10688K, reserved 327680K
}
Event: 5074.299 GC heap after
{Heap after GC invocations=144 (full 0):
 garbage-first heap   total reserved 524288K, committed 289792K, used 142956K [0x00000000e0000000, 0x0000000100000000)
  region size 1024K, 14 young (14336K), 14 survivors (14336K)
 Metaspace       used 86449K, committed 89472K, reserved 458752K
  class space    used 9073K, committed 10688K, reserved 327680K
}
Event: 5117.514 GC heap before
{Heap before GC invocations=144 (full 0):
 garbage-first heap   total reserved 524288K, committed 289792K, used 253548K [0x00000000e0000000, 0x0000000100000000)
  region size 1024K, 122 young (124928K), 14 survivors (14336K)
 Metaspace       used 86479K, committed 89472K, reserved 458752K
  class space    used 9073K, committed 10688K, reserved 327680K
}
Event: 5117.529 GC heap after
{Heap after GC invocations=145 (full 0):
 garbage-first heap   total reserved 524288K, committed 289792K, used 141283K [0x00000000e0000000, 0x0000000100000000)
  region size 1024K, 10 young (10240K), 10 survivors (10240K)
 Metaspace       used 86479K, committed 89472K, reserved 458752K
  class space    used 9073K, committed 10688K, reserved 327680K
}
Event: 5117.988 GC heap before
{Heap before GC invocations=145 (full 0):
 garbage-first heap   total reserved 524288K, committed 289792K, used 254947K [0x00000000e0000000, 0x0000000100000000)
  region size 1024K, 121 young (123904K), 10 survivors (10240K)
 Metaspace       used 86479K, committed 89472K, reserved 458752K
  class space    used 9073K, committed 10688K, reserved 327680K
}
Event: 5118.000 GC heap after
{Heap after GC invocations=146 (full 0):
 garbage-first heap   total reserved 524288K, committed 289792K, used 154099K [0x00000000e0000000, 0x0000000100000000)
  region size 1024K, 13 young (13312K), 13 survivors (13312K)
 Metaspace       used 86479K, committed 89472K, reserved 458752K
  class space    used 9073K, committed 10688K, reserved 327680K
}
Event: 5159.818 GC heap before
{Heap before GC invocations=147 (full 0):
 garbage-first heap   total reserved 524288K, committed 289792K, used 241139K [0x00000000e0000000, 0x0000000100000000)
  region size 1024K, 114 young (116736K), 13 survivors (13312K)
 Metaspace       used 85356K, committed 89472K, reserved 458752K
  class space    used 8953K, committed 10688K, reserved 327680K
}
Event: 5159.825 GC heap after
{Heap after GC invocations=148 (full 0):
 garbage-first heap   total reserved 524288K, committed 289792K, used 139850K [0x00000000e0000000, 0x0000000100000000)
  region size 1024K, 11 young (11264K), 11 survivors (11264K)
 Metaspace       used 85356K, committed 89472K, reserved 458752K
  class space    used 8953K, committed 10688K, reserved 327680K
}
Event: 5160.217 GC heap before
{Heap before GC invocations=148 (full 0):
 garbage-first heap   total reserved 524288K, committed 289792K, used 254538K [0x00000000e0000000, 0x0000000100000000)
  region size 1024K, 123 young (125952K), 11 survivors (11264K)
 Metaspace       used 85363K, committed 89472K, reserved 458752K
  class space    used 8955K, committed 10688K, reserved 327680K
}
Event: 5160.229 GC heap after
{Heap after GC invocations=149 (full 0):
 garbage-first heap   total reserved 524288K, committed 289792K, used 124411K [0x00000000e0000000, 0x0000000100000000)
  region size 1024K, 6 young (6144K), 6 survivors (6144K)
 Metaspace       used 85363K, committed 89472K, reserved 458752K
  class space    used 8955K, committed 10688K, reserved 327680K
}
Event: 5319.462 GC heap before
{Heap before GC invocations=149 (full 0):
 garbage-first heap   total reserved 524288K, committed 289792K, used 253435K [0x00000000e0000000, 0x0000000100000000)
  region size 1024K, 133 young (136192K), 6 survivors (6144K)
 Metaspace       used 85417K, committed 89472K, reserved 458752K
  class space    used 8962K, committed 10688K, reserved 327680K
}
Event: 5319.471 GC heap after
{Heap after GC invocations=150 (full 0):
 garbage-first heap   total reserved 524288K, committed 289792K, used 134369K [0x00000000e0000000, 0x0000000100000000)
  region size 1024K, 16 young (16384K), 16 survivors (16384K)
 Metaspace       used 85417K, committed 89472K, reserved 458752K
  class space    used 8962K, committed 10688K, reserved 327680K
}

