# JRE version: Java(TM) SE Runtime Environment (24.0.2+12) (build 24.0.2+12-54)
# Java VM: Java HotSpot(TM) 64-Bit Server VM (24.0.2+12-54, mixed mode, emulated-client, sharing, tiered, compressed oops, compressed class ptrs, g1 gc, windows-amd64)
GC Precious Log:
 CardTable entry size: 512
 Card Set container configuration: InlinePtr #cards 4 size 8 Array Of Cards #cards 16 size 48 Howl #buckets 8 coarsen threshold 3686 Howl Bitmap #cards 512 size 80 coarsen threshold 460 Card regions per heap region 1 cards per card region 4096
 CPUs: 12 total, 12 available
 Memory: 15733M
 Large Page Support: Disabled
 NUMA Support: Disabled
 Compressed Oops: Enabled (Zero based)
 Heap Region Size: 2M
 Heap Min Capacity: 8M
 Heap Initial Capacity: 246M
 Heap Max Capacity: 3934M
 Pre-touch: Disabled
 Parallel Workers: 10
 Concurrent Workers: 3
 Concurrent Refinement Workers: 10
 Periodic GC: Disabled
Heap:
 garbage-first heap   total reserved 4028416K, committed 184320K, used 107764K [0x000000070a200000, 0x0000000800000000)
  region size 2048K, 25 young (51200K), 5 survivors (10240K)
 Metaspace       used 111822K, committed 112704K, reserved 1179648K
  class space    used 13033K, committed 13440K, reserved 1048576K
GC Heap History (20 events):
Event: 194.216 GC heap after
{Heap after GC invocations=37 (full 0):
 garbage-first heap   total reserved 4028416K, committed 198656K, used 73680K [0x000000070a200000, 0x0000000800000000)
  region size 2048K, 4 young (8192K), 4 survivors (8192K)
 Metaspace       used 105779K, committed 106624K, reserved 1179648K
  class space    used 12372K, committed 12736K, reserved 1048576K
}
Event: 500.341 GC heap before
{Heap before GC invocations=38 (full 0):
 garbage-first heap   total reserved 4028416K, committed 198656K, used 163792K [0x000000070a200000, 0x0000000800000000)
  region size 2048K, 48 young (98304K), 4 survivors (8192K)
 Metaspace       used 105627K, committed 106624K, reserved 1179648K
  class space    used 12327K, committed 12736K, reserved 1048576K
}
Event: 500.345 GC heap after
{Heap after GC invocations=39 (full 0):
 garbage-first heap   total reserved 4028416K, committed 198656K, used 72741K [0x000000070a200000, 0x0000000800000000)
  region size 2048K, 2 young (4096K), 2 survivors (4096K)
 Metaspace       used 105627K, committed 106624K, reserved 1179648K
  class space    used 12327K, committed 12736K, reserved 1048576K
}
Event: 684.752 GC heap before
{Heap before GC invocations=39 (full 0):
 garbage-first heap   total reserved 4028416K, committed 198656K, used 134181K [0x000000070a200000, 0x0000000800000000)
  region size 2048K, 33 young (67584K), 2 survivors (4096K)
 Metaspace       used 106098K, committed 106880K, reserved 1179648K
  class space    used 12434K, committed 12800K, reserved 1048576K
}
Event: 684.820 GC heap after
{Heap after GC invocations=40 (full 1):
 garbage-first heap   total reserved 4028416K, committed 184320K, used 46839K [0x000000070a200000, 0x0000000800000000)
  region size 2048K, 0 young (0K), 0 survivors (0K)
 Metaspace       used 105914K, committed 106880K, reserved 1179648K
  class space    used 12383K, committed 12800K, reserved 1048576K
}
Event: 686.662 GC heap before
{Heap before GC invocations=40 (full 1):
 garbage-first heap   total reserved 4028416K, committed 184320K, used 143095K [0x000000070a200000, 0x0000000800000000)
  region size 2048K, 48 young (98304K), 0 survivors (0K)
 Metaspace       used 106671K, committed 107392K, reserved 1179648K
  class space    used 12478K, committed 12800K, reserved 1048576K
}
Event: 686.669 GC heap after
{Heap after GC invocations=41 (full 1):
 garbage-first heap   total reserved 4028416K, committed 184320K, used 56592K [0x000000070a200000, 0x0000000800000000)
  region size 2048K, 5 young (10240K), 5 survivors (10240K)
 Metaspace       used 106671K, committed 107392K, reserved 1179648K
  class space    used 12478K, committed 12800K, reserved 1048576K
}
Event: 687.958 GC heap before
{Heap before GC invocations=42 (full 1):
 garbage-first heap   total reserved 4028416K, committed 184320K, used 148752K [0x000000070a200000, 0x0000000800000000)
  region size 2048K, 50 young (102400K), 5 survivors (10240K)
 Metaspace       used 107617K, committed 108416K, reserved 1179648K
  class space    used 12611K, committed 12992K, reserved 1048576K
}
Event: 687.967 GC heap after
{Heap after GC invocations=43 (full 1):
 garbage-first heap   total reserved 4028416K, committed 184320K, used 63839K [0x000000070a200000, 0x0000000800000000)
  region size 2048K, 4 young (8192K), 4 survivors (8192K)
 Metaspace       used 107617K, committed 108416K, reserved 1179648K
  class space    used 12611K, committed 12992K, reserved 1048576K
}
Event: 689.413 GC heap before
{Heap before GC invocations=43 (full 1):
 garbage-first heap   total reserved 4028416K, committed 184320K, used 149855K [0x000000070a200000, 0x0000000800000000)
  region size 2048K, 46 young (94208K), 4 survivors (8192K)
 Metaspace       used 108709K, committed 109568K, reserved 1179648K
  class space    used 12709K, committed 13120K, reserved 1048576K
}
Event: 689.423 GC heap after
{Heap after GC invocations=44 (full 1):
 garbage-first heap   total reserved 4028416K, committed 184320K, used 69756K [0x000000070a200000, 0x0000000800000000)
  region size 2048K, 3 young (6144K), 3 survivors (6144K)
 Metaspace       used 108709K, committed 109568K, reserved 1179648K
  class space    used 12709K, committed 13120K, reserved 1048576K
}
Event: 691.422 GC heap before
{Heap before GC invocations=44 (full 1):
 garbage-first heap   total reserved 4028416K, committed 184320K, used 116860K [0x000000070a200000, 0x0000000800000000)
  region size 2048K, 27 young (55296K), 3 survivors (6144K)
 Metaspace       used 109103K, committed 110016K, reserved 1179648K
  class space    used 12769K, committed 13184K, reserved 1048576K
}
Event: 691.501 GC heap after
{Heap after GC invocations=45 (full 2):
 garbage-first heap   total reserved 4028416K, committed 184320K, used 50964K [0x000000070a200000, 0x0000000800000000)
  region size 2048K, 0 young (0K), 0 survivors (0K)
 Metaspace       used 108952K, committed 110016K, reserved 1179648K
  class space    used 12731K, committed 13184K, reserved 1048576K
}
Event: 692.744 GC heap before
{Heap before GC invocations=45 (full 2):
 garbage-first heap   total reserved 4028416K, committed 184320K, used 149268K [0x000000070a200000, 0x0000000800000000)
  region size 2048K, 48 young (98304K), 0 survivors (0K)
 Metaspace       used 109825K, committed 110720K, reserved 1179648K
  class space    used 12844K, committed 13248K, reserved 1048576K
}
Event: 692.749 GC heap after
{Heap after GC invocations=46 (full 2):
 garbage-first heap   total reserved 4028416K, committed 184320K, used 59934K [0x000000070a200000, 0x0000000800000000)
  region size 2048K, 5 young (10240K), 5 survivors (10240K)
 Metaspace       used 109825K, committed 110720K, reserved 1179648K
  class space    used 12844K, committed 13248K, reserved 1048576K
}
Event: 693.658 GC heap before
{Heap before GC invocations=47 (full 2):
 garbage-first heap   total reserved 4028416K, committed 184320K, used 152094K [0x000000070a200000, 0x0000000800000000)
  region size 2048K, 50 young (102400K), 5 survivors (10240K)
 Metaspace       used 110632K, committed 111488K, reserved 1179648K
  class space    used 12930K, committed 13312K, reserved 1048576K
}
Event: 693.664 GC heap after
{Heap after GC invocations=48 (full 2):
 garbage-first heap   total reserved 4028416K, committed 184320K, used 64268K [0x000000070a200000, 0x0000000800000000)
  region size 2048K, 3 young (6144K), 3 survivors (6144K)
 Metaspace       used 110632K, committed 111488K, reserved 1179648K
  class space    used 12930K, committed 13312K, reserved 1048576K
}
Event: 694.798 GC heap before
{Heap before GC invocations=48 (full 2):
 garbage-first heap   total reserved 4028416K, committed 184320K, used 156428K [0x000000070a200000, 0x0000000800000000)
  region size 2048K, 48 young (98304K), 3 survivors (6144K)
 Metaspace       used 111628K, committed 112576K, reserved 1179648K
  class space    used 13009K, committed 13440K, reserved 1048576K
}
Event: 694.808 GC heap after
{Heap after GC invocations=49 (full 2):
 garbage-first heap   total reserved 4028416K, committed 184320K, used 68852K [0x000000070a200000, 0x0000000800000000)
  region size 2048K, 5 young (10240K), 5 survivors (10240K)
 Metaspace       used 111628K, committed 112576K, reserved 1179648K
  class space    used 13009K, committed 13440K, reserved 1048576K
}
Event: 741.194 GC heap before
{Heap before GC invocations=49 (full 2):
 garbage-first heap   total reserved 4028416K, committed 184320K, used 107764K [0x000000070a200000, 0x0000000800000000)
  region size 2048K, 25 young (51200K), 5 survivors (10240K)
 Metaspace       used 111822K, committed 112704K, reserved 1179648K
  class space    used 13033K, committed 13440K, reserved 1048576K
}

